This file contains any messages produced by compilers while
running configure, to aid debugging if configure makes a mistake.

It was created by RtMidi configure 2.1.1, which was
generated by GNU Autoconf 2.69.  Invocation command line was

  $ ./configure 

## --------- ##
## Platform. ##
## --------- ##

hostname = dv6
uname -m = x86_64
uname -r = 4.7.2-1-ARCH
uname -s = Linux
uname -v = #1 SMP PREEMPT Sat Aug 20 23:02:56 CEST 2016

/usr/bin/uname -p = unknown
/bin/uname -X     = unknown

/bin/arch              = unknown
/usr/bin/arch -k       = unknown
/usr/convex/getsysinfo = unknown
/usr/bin/hostinfo      = unknown
/bin/machine           = unknown
/usr/bin/oslevel       = unknown
/bin/universe          = unknown

PATH: /usr/local/sbin
PATH: /usr/local/bin
PATH: /usr/bin
PATH: /opt/android-sdk/platform-tools
PATH: /usr/lib/jvm/default/bin
PATH: /usr/bin/site_perl
PATH: /usr/bin/vendor_perl
PATH: /usr/bin/core_perl


## ----------- ##
## Core tests. ##
## ----------- ##

configure:2427: checking for a BSD-compatible install
configure:2495: result: /usr/bin/install -c
configure:2506: checking whether build environment is sane
configure:2561: result: yes
configure:2712: checking for a thread-safe mkdir -p
configure:2751: result: /usr/bin/mkdir -p
configure:2758: checking for gawk
configure:2774: found /usr/bin/gawk
configure:2785: result: gawk
configure:2796: checking whether make sets $(MAKE)
configure:2818: result: yes
configure:2847: checking whether make supports nested variables
configure:2864: result: yes
configure:3015: checking that version numbers are coherent
configure:3029: checking for style of include used by make
configure:3057: result: GNU
configure:3128: checking for gcc
configure:3144: found /usr/bin/gcc
configure:3155: result: gcc
configure:3384: checking for C compiler version
configure:3393: gcc --version >&5
gcc (GCC) 6.2.1 20160830
Copyright (C) 2016 Free Software Foundation, Inc.
This is free software; see the source for copying conditions.  There is NO
warranty; not even for MERCHANTABILITY or FITNESS FOR A PARTICULAR PURPOSE.

configure:3404: $? = 0
configure:3393: gcc -v >&5
Using built-in specs.
COLLECT_GCC=gcc
COLLECT_LTO_WRAPPER=/usr/lib/gcc/x86_64-pc-linux-gnu/6.2.1/lto-wrapper
Target: x86_64-pc-linux-gnu
Configured with: /build/gcc/src/gcc/configure --prefix=/usr --libdir=/usr/lib --libexecdir=/usr/lib --mandir=/usr/share/man --infodir=/usr/share/info --with-bugurl=https://bugs.archlinux.org/ --enable-languages=c,c++,ada,fortran,go,lto,objc,obj-c++ --enable-shared --enable-threads=posix --enable-libmpx --with-system-zlib --with-isl --enable-__cxa_atexit --disable-libunwind-exceptions --enable-clocale=gnu --disable-libstdcxx-pch --disable-libssp --enable-gnu-unique-object --enable-linker-build-id --enable-lto --enable-plugin --enable-install-libiberty --with-linker-hash-style=gnu --enable-gnu-indirect-function --disable-multilib --disable-werror --enable-checking=release
Thread model: posix
gcc version 6.2.1 20160830 (GCC) 
configure:3404: $? = 0
configure:3393: gcc -V >&5
gcc: error: unrecognized command line option '-V'
gcc: fatal error: no input files
compilation terminated.
configure:3404: $? = 1
configure:3393: gcc -qversion >&5
gcc: error: unrecognized command line option '-qversion'; did you mean '--version'?
gcc: fatal error: no input files
compilation terminated.
configure:3404: $? = 1
configure:3424: checking whether the C compiler works
configure:3446: gcc    conftest.c  >&5
configure:3450: $? = 0
configure:3498: result: yes
configure:3501: checking for C compiler default output file name
configure:3503: result: a.out
configure:3509: checking for suffix of executables
configure:3516: gcc -o conftest    conftest.c  >&5
configure:3520: $? = 0
configure:3542: result: 
configure:3564: checking whether we are cross compiling
configure:3572: gcc -o conftest    conftest.c  >&5
configure:3576: $? = 0
configure:3583: ./conftest
configure:3587: $? = 0
configure:3602: result: no
configure:3607: checking for suffix of object files
configure:3629: gcc -c   conftest.c >&5
configure:3633: $? = 0
configure:3654: result: o
configure:3658: checking whether we are using the GNU C compiler
configure:3677: gcc -c   conftest.c >&5
configure:3677: $? = 0
configure:3686: result: yes
configure:3695: checking whether gcc accepts -g
configure:3715: gcc -c -g  conftest.c >&5
configure:3715: $? = 0
configure:3756: result: yes
configure:3773: checking for gcc option to accept ISO C89
configure:3836: gcc  -c -g -O2  conftest.c >&5
configure:3836: $? = 0
configure:3849: result: none needed
configure:3874: checking whether gcc understands -c and -o together
configure:3896: gcc -c conftest.c -o conftest2.o
configure:3899: $? = 0
configure:3896: gcc -c conftest.c -o conftest2.o
configure:3899: $? = 0
configure:3911: result: yes
configure:3930: checking dependency style of gcc
configure:4041: result: gcc3
configure:4075: gcc -o conftest -g -O2   conftest.c  >&5
configure:4075: $? = 0
configure:4075: ./conftest
configure:4075: $? = 0
configure:4076: result: yes
configure:4091: checking whether to enable maintainer-specific portions of Makefiles
configure:4100: result: no
configure:4124: checking whether make supports nested variables
configure:4141: result: yes
configure:4217: checking for g++
configure:4233: found /usr/bin/g++
configure:4244: result: g++
configure:4271: checking for C++ compiler version
configure:4280: g++ --version >&5
g++ (GCC) 6.2.1 20160830
Copyright (C) 2016 Free Software Foundation, Inc.
This is free software; see the source for copying conditions.  There is NO
warranty; not even for MERCHANTABILITY or FITNESS FOR A PARTICULAR PURPOSE.

configure:4291: $? = 0
configure:4280: g++ -v >&5
Using built-in specs.
COLLECT_GCC=g++
COLLECT_LTO_WRAPPER=/usr/lib/gcc/x86_64-pc-linux-gnu/6.2.1/lto-wrapper
Target: x86_64-pc-linux-gnu
Configured with: /build/gcc/src/gcc/configure --prefix=/usr --libdir=/usr/lib --libexecdir=/usr/lib --mandir=/usr/share/man --infodir=/usr/share/info --with-bugurl=https://bugs.archlinux.org/ --enable-languages=c,c++,ada,fortran,go,lto,objc,obj-c++ --enable-shared --enable-threads=posix --enable-libmpx --with-system-zlib --with-isl --enable-__cxa_atexit --disable-libunwind-exceptions --enable-clocale=gnu --disable-libstdcxx-pch --disable-libssp --enable-gnu-unique-object --enable-linker-build-id --enable-lto --enable-plugin --enable-install-libiberty --with-linker-hash-style=gnu --enable-gnu-indirect-function --disable-multilib --disable-werror --enable-checking=release
Thread model: posix
gcc version 6.2.1 20160830 (GCC) 
configure:4291: $? = 0
configure:4280: g++ -V >&5
g++: error: unrecognized command line option '-V'
g++: fatal error: no input files
compilation terminated.
configure:4291: $? = 1
configure:4280: g++ -qversion >&5
g++: error: unrecognized command line option '-qversion'; did you mean '--version'?
g++: fatal error: no input files
compilation terminated.
configure:4291: $? = 1
configure:4295: checking whether we are using the GNU C++ compiler
configure:4314: g++ -c   conftest.cpp >&5
configure:4314: $? = 0
configure:4323: result: yes
configure:4332: checking whether g++ accepts -g
configure:4352: g++ -c -g  conftest.cpp >&5
configure:4352: $? = 0
configure:4393: result: yes
configure:4418: checking dependency style of g++
configure:4529: result: gcc3
configure:4593: checking for ar
configure:4609: found /usr/bin/ar
configure:4620: result: ar
configure:4646: checking the archiver (ar) interface
configure:4662: gcc -c -g -O2  conftest.c >&5
configure:4662: $? = 0
configure:4664: ar cru libconftest.a conftest.o >&5
ar: `u' modifier ignored since `D' is the default (see `U')
configure:4667: $? = 0
configure:4695: result: ar
configure:4717: checking for ar
configure:4735: found /usr/bin/ar
configure:4748: result: /usr/bin/ar
configure:4789: checking build system type
configure:4803: result: x86_64-unknown-linux-gnu
configure:4823: checking host system type
configure:4836: result: x86_64-unknown-linux-gnu
configure:4877: checking how to print strings
configure:4904: result: printf
configure:4925: checking for a sed that does not truncate output
configure:4989: result: /usr/bin/sed
configure:5007: checking for grep that handles long lines and -e
configure:5065: result: /usr/bin/grep
configure:5070: checking for egrep
configure:5132: result: /usr/bin/grep -E
configure:5137: checking for fgrep
configure:5199: result: /usr/bin/grep -F
configure:5234: checking for ld used by gcc
configure:5301: result: /usr/bin/ld
configure:5308: checking if the linker (/usr/bin/ld) is GNU ld
configure:5323: result: yes
configure:5335: checking for BSD- or MS-compatible name lister (nm)
configure:5389: result: /usr/bin/nm -B
configure:5519: checking the name lister (/usr/bin/nm -B) interface
configure:5526: gcc -c -g -O2  conftest.c >&5
configure:5529: /usr/bin/nm -B "conftest.o"
configure:5532: output
0000000000000000 B some_variable
configure:5539: result: BSD nm
configure:5542: checking whether ln -s works
configure:5546: result: yes
configure:5554: checking the maximum length of command line arguments
configure:5685: result: 1572864
configure:5733: checking how to convert x86_64-unknown-linux-gnu file names to x86_64-unknown-linux-gnu format
configure:5773: result: func_convert_file_noop
configure:5780: checking how to convert x86_64-unknown-linux-gnu file names to toolchain format
configure:5800: result: func_convert_file_noop
configure:5807: checking for /usr/bin/ld option to reload object files
configure:5814: result: -r
configure:5888: checking for objdump
configure:5904: found /usr/bin/objdump
configure:5915: result: objdump
configure:5944: checking how to recognize dependent libraries
configure:6144: result: pass_all
configure:6229: checking for dlltool
configure:6259: result: no
configure:6286: checking how to associate runtime and link libraries
configure:6313: result: printf %s\n
configure:6437: checking for archiver @FILE support
configure:6454: gcc -c -g -O2  conftest.c >&5
configure:6454: $? = 0
configure:6457: /usr/bin/ar cru libconftest.a @conftest.lst >&5
/usr/bin/ar: `u' modifier ignored since `D' is the default (see `U')
configure:6460: $? = 0
configure:6465: /usr/bin/ar cru libconftest.a @conftest.lst >&5
/usr/bin/ar: `u' modifier ignored since `D' is the default (see `U')
/usr/bin/ar: conftest.o: No such file or directory
configure:6468: $? = 1
configure:6480: result: @
configure:6538: checking for strip
configure:6554: found /usr/bin/strip
configure:6565: result: strip
configure:6637: checking for ranlib
configure:6653: found /usr/bin/ranlib
configure:6664: result: ranlib
configure:6766: checking command to parse /usr/bin/nm -B output from gcc object
configure:6919: gcc -c -g -O2  conftest.c >&5
configure:6922: $? = 0
configure:6926: /usr/bin/nm -B conftest.o \| sed -n -e 's/^.*[ ]\([ABCDGIRSTW][ABCDGIRSTW]*\)[ ][ ]*\([_A-Za-z][_A-Za-z0-9]*\)$/\1 \2 \2/p' | sed '/ __gnu_lto/d' \> conftest.nm
configure:6929: $? = 0
configure:6995: gcc -o conftest -g -O2   conftest.c conftstm.o >&5
configure:6998: $? = 0
configure:7036: result: ok
configure:7083: checking for sysroot
configure:7113: result: no
configure:7120: checking for a working dd
configure:7158: result: /usr/bin/dd
configure:7162: checking how to truncate binary pipes
configure:7177: result: /usr/bin/dd bs=4096 count=1
configure:7313: gcc -c -g -O2  conftest.c >&5
configure:7316: $? = 0
configure:7506: checking for mt
configure:7536: result: no
configure:7556: checking if : is a manifest tool
configure:7562: : '-?'
configure:7570: result: no
configure:8247: checking how to run the C preprocessor
configure:8278: gcc -E  conftest.c
configure:8278: $? = 0
configure:8292: gcc -E  conftest.c
conftest.c:11:28: fatal error: ac_nonexistent.h: No such file or directory
 #include <ac_nonexistent.h>
                            ^
compilation terminated.
configure:8292: $? = 1
configure: failed program was:
| /* confdefs.h */
| #define PACKAGE_NAME "RtMidi"
| #define PACKAGE_TARNAME "rtmidi"
| #define PACKAGE_VERSION "2.1.1"
| #define PACKAGE_STRING "RtMidi 2.1.1"
| #define PACKAGE_BUGREPORT "gary@music.mcgill.ca"
| #define PACKAGE_URL ""
| #define PACKAGE "rtmidi"
| #define VERSION "2.1.1"
| /* end confdefs.h.  */
| #include <ac_nonexistent.h>
configure:8317: result: gcc -E
configure:8337: gcc -E  conftest.c
configure:8337: $? = 0
configure:8351: gcc -E  conftest.c
conftest.c:11:28: fatal error: ac_nonexistent.h: No such file or directory
 #include <ac_nonexistent.h>
                            ^
compilation terminated.
configure:8351: $? = 1
configure: failed program was:
| /* confdefs.h */
| #define PACKAGE_NAME "RtMidi"
| #define PACKAGE_TARNAME "rtmidi"
| #define PACKAGE_VERSION "2.1.1"
| #define PACKAGE_STRING "RtMidi 2.1.1"
| #define PACKAGE_BUGREPORT "gary@music.mcgill.ca"
| #define PACKAGE_URL ""
| #define PACKAGE "rtmidi"
| #define VERSION "2.1.1"
| /* end confdefs.h.  */
| #include <ac_nonexistent.h>
configure:8380: checking for ANSI C header files
configure:8400: gcc -c -g -O2  conftest.c >&5
configure:8400: $? = 0
configure:8473: gcc -o conftest -g -O2   conftest.c  >&5
configure:8473: $? = 0
configure:8473: ./conftest
configure:8473: $? = 0
configure:8484: result: yes
configure:8497: checking for sys/types.h
configure:8497: gcc -c -g -O2  conftest.c >&5
configure:8497: $? = 0
configure:8497: result: yes
configure:8497: checking for sys/stat.h
configure:8497: gcc -c -g -O2  conftest.c >&5
configure:8497: $? = 0
configure:8497: result: yes
configure:8497: checking for stdlib.h
configure:8497: gcc -c -g -O2  conftest.c >&5
configure:8497: $? = 0
configure:8497: result: yes
configure:8497: checking for string.h
configure:8497: gcc -c -g -O2  conftest.c >&5
configure:8497: $? = 0
configure:8497: result: yes
configure:8497: checking for memory.h
configure:8497: gcc -c -g -O2  conftest.c >&5
configure:8497: $? = 0
configure:8497: result: yes
configure:8497: checking for strings.h
configure:8497: gcc -c -g -O2  conftest.c >&5
configure:8497: $? = 0
configure:8497: result: yes
configure:8497: checking for inttypes.h
configure:8497: gcc -c -g -O2  conftest.c >&5
configure:8497: $? = 0
configure:8497: result: yes
configure:8497: checking for stdint.h
configure:8497: gcc -c -g -O2  conftest.c >&5
configure:8497: $? = 0
configure:8497: result: yes
configure:8497: checking for unistd.h
configure:8497: gcc -c -g -O2  conftest.c >&5
configure:8497: $? = 0
configure:8497: result: yes
configure:8511: checking for dlfcn.h
configure:8511: gcc -c -g -O2  conftest.c >&5
configure:8511: $? = 0
configure:8511: result: yes
configure:9076: checking for objdir
configure:9091: result: .libs
configure:9355: checking if gcc supports -fno-rtti -fno-exceptions
configure:9373: gcc -c -g -O2  -fno-rtti -fno-exceptions conftest.c >&5
cc1: warning: command line option '-fno-rtti' is valid for C++/ObjC++ but not for C
configure:9377: $? = 0
configure:9390: result: no
configure:9748: checking for gcc option to produce PIC
configure:9755: result: -fPIC -DPIC
configure:9763: checking if gcc PIC flag -fPIC -DPIC works
configure:9781: gcc -c -g -O2  -fPIC -DPIC -DPIC conftest.c >&5
configure:9785: $? = 0
configure:9798: result: yes
configure:9827: checking if gcc static flag -static works
configure:9855: result: yes
configure:9870: checking if gcc supports -c -o file.o
configure:9891: gcc -c -g -O2  -o out/conftest2.o conftest.c >&5
configure:9895: $? = 0
configure:9917: result: yes
configure:9925: checking if gcc supports -c -o file.o
configure:9972: result: yes
configure:10005: checking whether the gcc linker (/usr/bin/ld -m elf_x86_64) supports shared libraries
configure:11264: result: yes
configure:11301: checking whether -lc should be explicitly linked in
configure:11309: gcc -c -g -O2  conftest.c >&5
configure:11312: $? = 0
configure:11327: gcc -shared  -fPIC -DPIC conftest.o  -v -Wl,-soname -Wl,conftest -o conftest 2\>\&1 \| /usr/bin/grep  -lc  \>/dev/null 2\>\&1
configure:11330: $? = 0
configure:11344: result: no
configure:11504: checking dynamic linker characteristics
configure:12085: gcc -o conftest -g -O2   -Wl,-rpath -Wl,/foo conftest.c  >&5
configure:12085: $? = 0
configure:12322: result: GNU/Linux ld.so
configure:12444: checking how to hardcode library paths into programs
configure:12469: result: immediate
configure:13017: checking whether stripping libraries is possible
configure:13022: result: yes
configure:13057: checking if libtool supports shared libraries
configure:13059: result: yes
configure:13062: checking whether to build shared libraries
configure:13087: result: yes
configure:13090: checking whether to build static libraries
configure:13094: result: yes
configure:13117: checking how to run the C++ preprocessor
configure:13144: g++ -E  conftest.cpp
configure:13144: $? = 0
configure:13158: g++ -E  conftest.cpp
conftest.cpp:23:28: fatal error: ac_nonexistent.h: No such file or directory
 #include <ac_nonexistent.h>
                            ^
compilation terminated.
configure:13158: $? = 1
configure: failed program was:
| /* confdefs.h */
| #define PACKAGE_NAME "RtMidi"
| #define PACKAGE_TARNAME "rtmidi"
| #define PACKAGE_VERSION "2.1.1"
| #define PACKAGE_STRING "RtMidi 2.1.1"
| #define PACKAGE_BUGREPORT "gary@music.mcgill.ca"
| #define PACKAGE_URL ""
| #define PACKAGE "rtmidi"
| #define VERSION "2.1.1"
| #define STDC_HEADERS 1
| #define HAVE_SYS_TYPES_H 1
| #define HAVE_SYS_STAT_H 1
| #define HAVE_STDLIB_H 1
| #define HAVE_STRING_H 1
| #define HAVE_MEMORY_H 1
| #define HAVE_STRINGS_H 1
| #define HAVE_INTTYPES_H 1
| #define HAVE_STDINT_H 1
| #define HAVE_UNISTD_H 1
| #define HAVE_DLFCN_H 1
| #define LT_OBJDIR ".libs/"
| /* end confdefs.h.  */
| #include <ac_nonexistent.h>
configure:13183: result: g++ -E
configure:13203: g++ -E  conftest.cpp
configure:13203: $? = 0
configure:13217: g++ -E  conftest.cpp
conftest.cpp:23:28: fatal error: ac_nonexistent.h: No such file or directory
 #include <ac_nonexistent.h>
                            ^
compilation terminated.
configure:13217: $? = 1
configure: failed program was:
| /* confdefs.h */
| #define PACKAGE_NAME "RtMidi"
| #define PACKAGE_TARNAME "rtmidi"
| #define PACKAGE_VERSION "2.1.1"
| #define PACKAGE_STRING "RtMidi 2.1.1"
| #define PACKAGE_BUGREPORT "gary@music.mcgill.ca"
| #define PACKAGE_URL ""
| #define PACKAGE "rtmidi"
| #define VERSION "2.1.1"
| #define STDC_HEADERS 1
| #define HAVE_SYS_TYPES_H 1
| #define HAVE_SYS_STAT_H 1
| #define HAVE_STDLIB_H 1
| #define HAVE_STRING_H 1
| #define HAVE_MEMORY_H 1
| #define HAVE_STRINGS_H 1
| #define HAVE_INTTYPES_H 1
| #define HAVE_STDINT_H 1
| #define HAVE_UNISTD_H 1
| #define HAVE_DLFCN_H 1
| #define LT_OBJDIR ".libs/"
| /* end confdefs.h.  */
| #include <ac_nonexistent.h>
configure:13379: checking for ld used by g++
configure:13446: result: /usr/bin/ld -m elf_x86_64
configure:13453: checking if the linker (/usr/bin/ld -m elf_x86_64) is GNU ld
configure:13468: result: yes
configure:13523: checking whether the g++ linker (/usr/bin/ld -m elf_x86_64) supports shared libraries
configure:14596: result: yes
configure:14632: g++ -c -g -O2  conftest.cpp >&5
configure:14635: $? = 0
configure:15116: checking for g++ option to produce PIC
configure:15123: result: -fPIC -DPIC
configure:15131: checking if g++ PIC flag -fPIC -DPIC works
configure:15149: g++ -c -g -O2  -fPIC -DPIC -DPIC conftest.cpp >&5
configure:15153: $? = 0
configure:15166: result: yes
configure:15189: checking if g++ static flag -static works
configure:15217: result: yes
configure:15229: checking if g++ supports -c -o file.o
configure:15250: g++ -c -g -O2  -o out/conftest2.o conftest.cpp >&5
configure:15254: $? = 0
configure:15276: result: yes
configure:15281: checking if g++ supports -c -o file.o
configure:15328: result: yes
configure:15358: checking whether the g++ linker (/usr/bin/ld -m elf_x86_64) supports shared libraries
configure:15398: result: yes
configure:15539: checking dynamic linker characteristics
configure:16284: result: GNU/Linux ld.so
configure:16349: checking how to hardcode library paths into programs
configure:16374: result: immediate
configure:16438: checking for ANSI C header files
configure:16542: result: yes
configure:16553: checking whether to compile debug version
configure:16566: result: no
configure:16595: checking for doxygen
configure:16625: result: no
configure:16658: checking for MIDI API
configure:16779: result: using ALSA
configure:16784: checking for snd_seq_open in -lasound
configure:16809: gcc -o conftest -g -O2    conftest.c -lasound   >&5
configure:16809: $? = 0
configure:16818: result: yes
configure:16834: checking for pthread_create in -lpthread
configure:16859: gcc -o conftest -g -O2    conftest.c -lpthread  -lasound  >&5
configure:16859: $? = 0
configure:16868: result: yes
configure:17174: checking that generated files are newer than configure
configure:17180: result: done
configure:17215: creating ./config.status

## ---------------------- ##
## Running config.status. ##
## ---------------------- ##

This file was extended by RtMidi config.status 2.1.1, which was
generated by GNU Autoconf 2.69.  Invocation command line was

  CONFIG_FILES    = 
  CONFIG_HEADERS  = 
  CONFIG_LINKS    = 
  CONFIG_COMMANDS = 
  $ ./config.status 

on dv6

config.status:1100: creating rtmidi-config
config.status:1100: creating rtmidi.pc
config.status:1100: creating Makefile
config.status:1100: creating tests/Makefile
config.status:1100: creating doc/Makefile
config.status:1100: creating doc/doxygen/Doxyfile
config.status:1303: executing depfiles commands
config.status:1303: executing libtool commands

## ---------------- ##
## Cache variables. ##
## ---------------- ##

ac_cv_build=x86_64-unknown-linux-gnu
ac_cv_c_compiler_gnu=yes
ac_cv_cxx_compiler_gnu=yes
ac_cv_env_CCC_set=
ac_cv_env_CCC_value=
ac_cv_env_CC_set=
ac_cv_env_CC_value=
ac_cv_env_CFLAGS_set=
ac_cv_env_CFLAGS_value=
ac_cv_env_CPPFLAGS_set=
ac_cv_env_CPPFLAGS_value=
ac_cv_env_CPP_set=
ac_cv_env_CPP_value=
ac_cv_env_CXXCPP_set=
ac_cv_env_CXXCPP_value=
ac_cv_env_CXXFLAGS_set=
ac_cv_env_CXXFLAGS_value=
ac_cv_env_CXX_set=
ac_cv_env_CXX_value=
ac_cv_env_LDFLAGS_set=
ac_cv_env_LDFLAGS_value=
ac_cv_env_LIBS_set=
ac_cv_env_LIBS_value=
ac_cv_env_LT_SYS_LIBRARY_PATH_set=
ac_cv_env_LT_SYS_LIBRARY_PATH_value=
ac_cv_env_build_alias_set=
ac_cv_env_build_alias_value=
ac_cv_env_host_alias_set=
ac_cv_env_host_alias_value=
ac_cv_env_target_alias_set=
ac_cv_env_target_alias_value=
ac_cv_header_dlfcn_h=yes
ac_cv_header_inttypes_h=yes
ac_cv_header_memory_h=yes
ac_cv_header_stdc=yes
ac_cv_header_stdint_h=yes
ac_cv_header_stdlib_h=yes
ac_cv_header_string_h=yes
ac_cv_header_strings_h=yes
ac_cv_header_sys_stat_h=yes
ac_cv_header_sys_types_h=yes
ac_cv_header_unistd_h=yes
ac_cv_host=x86_64-unknown-linux-gnu
ac_cv_lib_asound_snd_seq_open=yes
ac_cv_lib_pthread_pthread_create=yes
ac_cv_objext=o
ac_cv_path_AR=/usr/bin/ar
ac_cv_path_EGREP='/usr/bin/grep -E'
ac_cv_path_FGREP='/usr/bin/grep -F'
ac_cv_path_GREP=/usr/bin/grep
ac_cv_path_SED=/usr/bin/sed
ac_cv_path_install='/usr/bin/install -c'
ac_cv_path_lt_DD=/usr/bin/dd
ac_cv_path_mkdir=/usr/bin/mkdir
ac_cv_prog_AWK=gawk
ac_cv_prog_CPP='gcc -E'
ac_cv_prog_CXXCPP='g++ -E'
ac_cv_prog_ac_ct_AR=ar
ac_cv_prog_ac_ct_CC=gcc
ac_cv_prog_ac_ct_CXX=g++
ac_cv_prog_ac_ct_OBJDUMP=objdump
ac_cv_prog_ac_ct_RANLIB=ranlib
ac_cv_prog_ac_ct_STRIP=strip
ac_cv_prog_cc_c89=
ac_cv_prog_cc_g=yes
ac_cv_prog_cxx_g=yes
ac_cv_prog_make_make_set=yes
am_cv_CC_dependencies_compiler_type=gcc3
am_cv_CXX_dependencies_compiler_type=gcc3
am_cv_ar_interface=ar
am_cv_make_support_nested_variables=yes
am_cv_prog_cc_c_o=yes
lt_cv_ar_at_file=@
lt_cv_archive_cmds_need_lc=no
lt_cv_deplibs_check_method=pass_all
lt_cv_file_magic_cmd='$MAGIC_CMD'
lt_cv_file_magic_test_file=
lt_cv_ld_reload_flag=-r
lt_cv_nm_interface='BSD nm'
lt_cv_objdir=.libs
lt_cv_path_LD=/usr/bin/ld
lt_cv_path_LDCXX='/usr/bin/ld -m elf_x86_64'
lt_cv_path_NM='/usr/bin/nm -B'
lt_cv_path_mainfest_tool=no
lt_cv_prog_compiler_c_o=yes
lt_cv_prog_compiler_c_o_CXX=yes
lt_cv_prog_compiler_pic='-fPIC -DPIC'
lt_cv_prog_compiler_pic_CXX='-fPIC -DPIC'
lt_cv_prog_compiler_pic_works=yes
lt_cv_prog_compiler_pic_works_CXX=yes
lt_cv_prog_compiler_rtti_exceptions=no
lt_cv_prog_compiler_static_works=yes
lt_cv_prog_compiler_static_works_CXX=yes
lt_cv_prog_gnu_ld=yes
lt_cv_prog_gnu_ldcxx=yes
lt_cv_sharedlib_from_linklib_cmd='printf %s\n'
lt_cv_shlibpath_overrides_runpath=no
lt_cv_sys_global_symbol_pipe='sed -n -e '\''s/^.*[	 ]\([ABCDGIRSTW][ABCDGIRSTW]*\)[	 ][	 ]*\([_A-Za-z][_A-Za-z0-9]*\)$/\1 \2 \2/p'\'' | sed '\''/ __gnu_lto/d'\'''
lt_cv_sys_global_symbol_to_c_name_address='sed -n -e '\''s/^: \(.*\) .*$/  {"\1", (void *) 0},/p'\'' -e '\''s/^[ABCDGIRSTW][ABCDGIRSTW]* .* \(.*\)$/  {"\1", (void *) \&\1},/p'\'''
lt_cv_sys_global_symbol_to_c_name_address_lib_prefix='sed -n -e '\''s/^: \(.*\) .*$/  {"\1", (void *) 0},/p'\'' -e '\''s/^[ABCDGIRSTW][ABCDGIRSTW]* .* \(lib.*\)$/  {"\1", (void *) \&\1},/p'\'' -e '\''s/^[ABCDGIRSTW][ABCDGIRSTW]* .* \(.*\)$/  {"lib\1", (void *) \&\1},/p'\'''
lt_cv_sys_global_symbol_to_cdecl='sed -n -e '\''s/^T .* \(.*\)$/extern int \1();/p'\'' -e '\''s/^[ABCDGIRSTW][ABCDGIRSTW]* .* \(.*\)$/extern char \1;/p'\'''
lt_cv_sys_global_symbol_to_import=
lt_cv_sys_max_cmd_len=1572864
lt_cv_to_host_file_cmd=func_convert_file_noop
lt_cv_to_tool_file_cmd=func_convert_file_noop
lt_cv_truncate_bin='/usr/bin/dd bs=4096 count=1'

## ----------------- ##
## Output variables. ##
## ----------------- ##

ACLOCAL='${SHELL} /home/franco/octaManager/rtmidi-2.1.1/config/missing aclocal-1.15'
AMDEPBACKSLASH='\'
AMDEP_FALSE='#'
AMDEP_TRUE=''
AMTAR='$${TAR-tar}'
AM_BACKSLASH='\'
AM_DEFAULT_V='$(AM_DEFAULT_VERBOSITY)'
AM_DEFAULT_VERBOSITY='0'
AM_V='$(V)'
AR='/usr/bin/ar'
AS='as'
AUTOCONF='${SHELL} /home/franco/octaManager/rtmidi-2.1.1/config/missing autoconf'
AUTOHEADER='${SHELL} /home/franco/octaManager/rtmidi-2.1.1/config/missing autoheader'
AUTOMAKE='${SHELL} /home/franco/octaManager/rtmidi-2.1.1/config/missing automake-1.15'
AWK='gawk'
CC='gcc'
CCDEPMODE='depmode=gcc3'
CFLAGS='-g -O2'
CPP='gcc -E'
CPPFLAGS='  -D__LINUX_ALSA__'
CXX='g++'
CXXCPP='g++ -E'
CXXDEPMODE='depmode=gcc3'
CXXFLAGS='-O3 -Wall -Wextra'
CYGPATH_W='echo'
DEFS='-DPACKAGE_NAME=\"RtMidi\" -DPACKAGE_TARNAME=\"rtmidi\" -DPACKAGE_VERSION=\"2.1.1\" -DPACKAGE_STRING=\"RtMidi\ 2.1.1\" -DPACKAGE_BUGREPORT=\"gary@music.mcgill.ca\" -DPACKAGE_URL=\"\" -DPACKAGE=\"rtmidi\" -DVERSION=\"2.1.1\" -DSTDC_HEADERS=1 -DHAVE_SYS_TYPES_H=1 -DHAVE_SYS_STAT_H=1 -DHAVE_STDLIB_H=1 -DHAVE_STRING_H=1 -DHAVE_MEMORY_H=1 -DHAVE_STRINGS_H=1 -DHAVE_INTTYPES_H=1 -DHAVE_STDINT_H=1 -DHAVE_UNISTD_H=1 -DHAVE_DLFCN_H=1 -DLT_OBJDIR=\".libs/\" -DSTDC_HEADERS=1 -DHAVE_LIBASOUND=1 -DHAVE_LIBPTHREAD=1'
DEPDIR='.deps'
DLLTOOL='false'
DOXYGEN=''
DSYMUTIL=''
DUMPBIN=''
ECHO_C=''
ECHO_N='-n'
ECHO_T=''
EGREP='/usr/bin/grep -E'
EXEEXT=''
FGREP='/usr/bin/grep -F'
GREP='/usr/bin/grep'
GXX='yes'
INSTALL_DATA='${INSTALL} -m 644'
INSTALL_PROGRAM='${INSTALL}'
INSTALL_SCRIPT='${INSTALL}'
INSTALL_STRIP_PROGRAM='$(install_sh) -c -s'
LD='/usr/bin/ld -m elf_x86_64'
LDFLAGS=''
LIBOBJS=''
LIBS='-lpthread -lasound '
LIBTOOL='$(SHELL) $(top_builddir)/libtool'
LIPO=''
LN_S='ln -s'
LTLIBOBJS=''
LT_SYS_LIBRARY_PATH=''
MAINT='#'
MAINTAINER_MODE_FALSE=''
MAINTAINER_MODE_TRUE='#'
MAKEINFO='${SHELL} /home/franco/octaManager/rtmidi-2.1.1/config/missing makeinfo'
MAKE_DOC_FALSE=''
MAKE_DOC_TRUE='#'
MANIFEST_TOOL=':'
MKDIR_P='/usr/bin/mkdir -p'
NM='/usr/bin/nm -B'
NMEDIT=''
OBJDUMP='objdump'
OBJEXT='o'
OTOOL64=''
OTOOL=''
PACKAGE='rtmidi'
PACKAGE_BUGREPORT='gary@music.mcgill.ca'
PACKAGE_NAME='RtMidi'
PACKAGE_STRING='RtMidi 2.1.1'
PACKAGE_TARNAME='rtmidi'
PACKAGE_URL=''
PACKAGE_VERSION='2.1.1'
PATH_SEPARATOR=':'
RANLIB='ranlib'
SED='/usr/bin/sed'
SET_MAKE=''
SHELL='/bin/sh'
SO_VERSION='3:0:0'
STRIP='strip'
VERSION='2.1.1'
ac_ct_AR='ar'
ac_ct_CC='gcc'
ac_ct_CXX='g++'
ac_ct_DUMPBIN=''
am__EXEEXT_FALSE=''
am__EXEEXT_TRUE='#'
am__fastdepCC_FALSE='#'
am__fastdepCC_TRUE=''
am__fastdepCXX_FALSE='#'
am__fastdepCXX_TRUE=''
am__include='include'
am__isrc=''
am__leading_dot='.'
am__nodep='_no'
am__quote=''
am__tar='$${TAR-tar} chof - "$$tardir"'
am__untar='$${TAR-tar} xf -'
api='-D__LINUX_ALSA__'
bindir='${exec_prefix}/bin'
build='x86_64-unknown-linux-gnu'
build_alias=''
build_cpu='x86_64'
build_os='linux-gnu'
build_vendor='unknown'
cppflag=''
cxxflag='-Wall -Wextra'
datadir='${datarootdir}'
datarootdir='${prefix}/share'
docdir='${datarootdir}/doc/${PACKAGE_TARNAME}'
dvidir='${docdir}'
exec_prefix='${prefix}'
host='x86_64-unknown-linux-gnu'
host_alias=''
host_cpu='x86_64'
host_os='linux-gnu'
host_vendor='unknown'
htmldir='${docdir}'
includedir='${prefix}/include'
infodir='${datarootdir}/info'
install_sh='${SHELL} /home/franco/octaManager/rtmidi-2.1.1/config/install-sh'
libdir='${exec_prefix}/lib'
libexecdir='${exec_prefix}/libexec'
localedir='${datarootdir}/locale'
localstatedir='${prefix}/var'
mandir='${datarootdir}/man'
mkdir_p='$(MKDIR_P)'
noinst_LIBRARIES=''
object_path='Release'
oldincludedir='/usr/include'
pdfdir='${docdir}'
prefix='/usr/local'
program_transform_name='s,x,x,'
psdir='${docdir}'
req=' alsa'
sbindir='${exec_prefix}/sbin'
sharedstatedir='${prefix}/com'
sysconfdir='${prefix}/etc'
target_alias=''

## ----------- ##
## confdefs.h. ##
## ----------- ##

/* confdefs.h */
#define PACKAGE_NAME "RtMidi"
#define PACKAGE_TARNAME "rtmidi"
#define PACKAGE_VERSION "2.1.1"
#define PACKAGE_STRING "RtMidi 2.1.1"
#define PACKAGE_BUGREPORT "gary@music.mcgill.ca"
#define PACKAGE_URL ""
#define PACKAGE "rtmidi"
#define VERSION "2.1.1"
#define STDC_HEADERS 1
#define HAVE_SYS_TYPES_H 1
#define HAVE_SYS_STAT_H 1
#define HAVE_STDLIB_H 1
#define HAVE_STRING_H 1
#define HAVE_MEMORY_H 1
#define HAVE_STRINGS_H 1
#define HAVE_INTTYPES_H 1
#define HAVE_STDINT_H 1
#define HAVE_UNISTD_H 1
#define HAVE_DLFCN_H 1
#define LT_OBJDIR ".libs/"
#define STDC_HEADERS 1
#define HAVE_LIBASOUND 1
#define HAVE_LIBPTHREAD 1

configure: exit 0
